#
# There is insufficient memory for the Java Runtime Environment to continue.
# Native memory allocation (malloc) failed to allocate 32744 bytes for ChunkPool::allocate
# Possible reasons:
#   The system is out of physical RAM or swap space
#   The process is running with CompressedOops enabled, and the Java Heap may be blocking the growth of the native heap
# Possible solutions:
#   Reduce memory load on the system
#   Increase physical memory or swap space
#   Check if swap backing store is full
#   Decrease Java heap size (-Xmx/-Xms)
#   Decrease number of Java threads
#   Decrease Java thread stack sizes (-Xss)
#   Set larger code cache with -XX:ReservedCodeCacheSize=
#   JVM is running with Unscaled Compressed Oops mode in which the Java heap is
#     placed in the first 4GB address space. The Java Heap base address is the
#     maximum limit for the native heap growth. Please use -XX:HeapBaseMinAddress
#     to set the Java Heap base and to place the Java Heap above 4GB virtual address.
# This output file may be truncated or incomplete.
#
#  Out of Memory Error (./open/src/hotspot/share/memory/arena.cpp:81), pid=25348, tid=22008
#
# JRE version: Java(TM) SE Runtime Environment 18.9 (11.0.17+10) (build 11.0.17+10-LTS-269)
# Java VM: Java HotSpot(TM) 64-Bit Server VM 18.9 (11.0.17+10-LTS-269, mixed mode, tiered, compressed oops, g1 gc, windows-amd64)
# No core dump will be written. Minidumps are not enabled by default on client versions of Windows
#

---------------  S U M M A R Y ------------

Command Line: -Xmx64m -Xms64m -Dorg.gradle.appname=gradlew org.gradle.wrapper.GradleWrapperMain tasks

Host: Intel(R) Core(TM) i5-10210U CPU @ 1.60GHz, 8 cores, 7G,  Windows 11 , 64 bit Build 22621 (10.0.22621.1928)
Time: Sat Jul 22 14:43:10 2023 India Standard Time elapsed time: 73.020989 seconds (0d 0h 1m 13s)

---------------  T H R E A D  ---------------

Current thread (0x0000021ba85d8800):  JavaThread "C1 CompilerThread0" daemon [_thread_in_native, id=22008, stack(0x000000a7c0b00000,0x000000a7c0c00000)]


Current CompileTask:
C1:  73021 1173       3       sun.nio.fs.WindowsPathParser::parse (384 bytes)

Stack: [0x000000a7c0b00000,0x000000a7c0c00000]
Native frames: (J=compiled Java code, j=interpreted, Vv=VM code, C=native code)
V  [jvm.dll+0x62b5da]
V  [jvm.dll+0x7653df]
V  [jvm.dll+0x766a89]
V  [jvm.dll+0x767113]
V  [jvm.dll+0x23dd28]
V  [jvm.dll+0xb2c7b]
V  [jvm.dll+0xb2fdc]
V  [jvm.dll+0x1589a9]
V  [jvm.dll+0x159862]
V  [jvm.dll+0x159920]
V  [jvm.dll+0x15c14d]
V  [jvm.dll+0x15ddb1]
V  [jvm.dll+0x1189c5]
V  [jvm.dll+0x11825f]
V  [jvm.dll+0x11848f]
V  [jvm.dll+0x117734]
V  [jvm.dll+0x119607]
V  [jvm.dll+0x207296]
V  [jvm.dll+0x20542b]
V  [jvm.dll+0x72b2c0]
V  [jvm.dll+0x723e64]
V  [jvm.dll+0x62a485]
C  [ucrtbase.dll+0x29363]
C  [KERNEL32.DLL+0x126ad]
C  [ntdll.dll+0x5aa68]


---------------  P R O C E S S  ---------------

Threads class SMR info:
_java_thread_list=0x0000021ba95795d0, length=11, elements={
0x0000021b8e7c7000, 0x0000021ba8598800, 0x0000021ba85c3000, 0x0000021ba862b800,
0x0000021ba8630000, 0x0000021ba8631800, 0x0000021ba85d5800, 0x0000021ba85d8800,
0x0000021ba8632000, 0x0000021ba88aa800, 0x0000021ba8bee800
}

Java Threads: ( => current thread )
  0x0000021b8e7c7000 JavaThread "main" [_thread_in_native, id=27204, stack(0x000000a7bfe00000,0x000000a7bff00000)]
  0x0000021ba8598800 JavaThread "Reference Handler" daemon [_thread_blocked, id=7124, stack(0x000000a7c0500000,0x000000a7c0600000)]
  0x0000021ba85c3000 JavaThread "Finalizer" daemon [_thread_blocked, id=25072, stack(0x000000a7c0600000,0x000000a7c0700000)]
  0x0000021ba862b800 JavaThread "Signal Dispatcher" daemon [_thread_blocked, id=22832, stack(0x000000a7c0700000,0x000000a7c0800000)]
  0x0000021ba8630000 JavaThread "Attach Listener" daemon [_thread_blocked, id=2840, stack(0x000000a7c0800000,0x000000a7c0900000)]
  0x0000021ba8631800 JavaThread "Service Thread" daemon [_thread_blocked, id=13000, stack(0x000000a7c0900000,0x000000a7c0a00000)]
  0x0000021ba85d5800 JavaThread "C2 CompilerThread0" daemon [_thread_blocked, id=13240, stack(0x000000a7c0a00000,0x000000a7c0b00000)]
=>0x0000021ba85d8800 JavaThread "C1 CompilerThread0" daemon [_thread_in_native, id=22008, stack(0x000000a7c0b00000,0x000000a7c0c00000)]
  0x0000021ba8632000 JavaThread "Sweeper thread" daemon [_thread_blocked, id=26900, stack(0x000000a7c0c00000,0x000000a7c0d00000)]
  0x0000021ba88aa800 JavaThread "Common-Cleaner" daemon [_thread_blocked, id=27268, stack(0x000000a7c0e00000,0x000000a7c0f00000)]
  0x0000021ba8bee800 JavaThread "pool-1-thread-1" [_thread_blocked, id=21176, stack(0x000000a7c1000000,0x000000a7c1100000)]

Other Threads:
  0x0000021ba8597800 VMThread "VM Thread" [stack: 0x000000a7c0400000,0x000000a7c0500000] [id=25168]
  0x0000021ba88a9800 WatcherThread [stack: 0x000000a7c0d00000,0x000000a7c0e00000] [id=13260]
  0x0000021b8e7dd000 GCTaskThread "GC Thread#0" [stack: 0x000000a7bff00000,0x000000a7c0000000] [id=19976]
  0x0000021ba8a23800 GCTaskThread "GC Thread#1" [stack: 0x000000a7c0f00000,0x000000a7c1000000] [id=18828]
  0x0000021ba8bef800 GCTaskThread "GC Thread#2" [stack: 0x000000a7c1100000,0x000000a7c1200000] [id=23540]
  0x0000021ba8c4c800 GCTaskThread "GC Thread#3" [stack: 0x000000a7c1200000,0x000000a7c1300000] [id=23784]
  0x0000021b8e7e4800 ConcurrentGCThread "G1 Main Marker" [stack: 0x000000a7c0000000,0x000000a7c0100000] [id=9312]
  0x0000021b8e7e6800 ConcurrentGCThread "G1 Conc#0" [stack: 0x000000a7c0100000,0x000000a7c0200000] [id=9040]
  0x0000021b8e84f000 ConcurrentGCThread "G1 Refine#0" [stack: 0x000000a7c0200000,0x000000a7c0300000] [id=22060]
  0x0000021b8e852000 ConcurrentGCThread "G1 Young RemSet Sampling" [stack: 0x000000a7c0300000,0x000000a7c0400000] [id=17176]

Threads with active compile tasks:
C1 CompilerThread0    84916 1173       3       sun.nio.fs.WindowsPathParser::parse (384 bytes)

VM state:not at safepoint (normal execution)

VM Mutex/Monitor currently owned by a thread: None

Heap address: 0x00000000fc000000, size: 64 MB, Compressed Oops mode: 32-bit
Narrow klass base: 0x0000000000000000, Narrow klass shift: 3
Compressed class space size: 1073741824 Address: 0x0000000100000000

Heap:
 garbage-first heap   total 65536K, used 12583K [0x00000000fc000000, 0x0000000100000000)
  region size 1024K, 3 young (3072K), 1 survivors (1024K)
 Metaspace       used 13958K, capacity 14227K, committed 14336K, reserved 1062912K
  class space    used 1607K, capacity 1706K, committed 1792K, reserved 1048576K
Heap Regions: E=young(eden), S=young(survivor), O=old, HS=humongous(starts), HC=humongous(continues), CS=collection set, F=free, A=archive, TAMS=top-at-mark-start (previous, next)
|   0|0x00000000fc000000, 0x00000000fc100000, 0x00000000fc100000|100%|HS|  |TAMS 0x00000000fc000000, 0x00000000fc000000| Complete 
|   1|0x00000000fc100000, 0x00000000fc200000, 0x00000000fc200000|100%|HC|  |TAMS 0x00000000fc100000, 0x00000000fc100000| Complete 
|   2|0x00000000fc200000, 0x00000000fc300000, 0x00000000fc300000|100%|HC|  |TAMS 0x00000000fc200000, 0x00000000fc200000| Complete 
|   3|0x00000000fc300000, 0x00000000fc400000, 0x00000000fc400000|100%|HC|  |TAMS 0x00000000fc300000, 0x00000000fc300000| Complete 
|   4|0x00000000fc400000, 0x00000000fc500000, 0x00000000fc500000|100%| O|  |TAMS 0x00000000fc400000, 0x00000000fc400000| Untracked 
|   5|0x00000000fc500000, 0x00000000fc600000, 0x00000000fc600000|100%| O|  |TAMS 0x00000000fc500000, 0x00000000fc500000| Untracked 
|   6|0x00000000fc600000, 0x00000000fc700000, 0x00000000fc700000|100%| O|  |TAMS 0x00000000fc600000, 0x00000000fc600000| Untracked 
|   7|0x00000000fc700000, 0x00000000fc800000, 0x00000000fc800000|100%| O|  |TAMS 0x00000000fc700000, 0x00000000fc700000| Untracked 
|   8|0x00000000fc800000, 0x00000000fc900000, 0x00000000fc900000|100%| O|  |TAMS 0x00000000fc800000, 0x00000000fc800000| Untracked 
|   9|0x00000000fc900000, 0x00000000fca00000, 0x00000000fca00000|100%| O|  |TAMS 0x00000000fc900000, 0x00000000fc900000| Untracked 
|  10|0x00000000fca00000, 0x00000000fcaab200, 0x00000000fcb00000| 66%| O|  |TAMS 0x00000000fca00000, 0x00000000fca00000| Untracked 
|  11|0x00000000fcb00000, 0x00000000fcb00000, 0x00000000fcc00000|  0%| F|  |TAMS 0x00000000fcb00000, 0x00000000fcb00000| Untracked 
|  12|0x00000000fcc00000, 0x00000000fcc00000, 0x00000000fcd00000|  0%| F|  |TAMS 0x00000000fcc00000, 0x00000000fcc00000| Untracked 
|  13|0x00000000fcd00000, 0x00000000fcd00000, 0x00000000fce00000|  0%| F|  |TAMS 0x00000000fcd00000, 0x00000000fcd00000| Untracked 
|  14|0x00000000fce00000, 0x00000000fce00000, 0x00000000fcf00000|  0%| F|  |TAMS 0x00000000fce00000, 0x00000000fce00000| Untracked 
|  15|0x00000000fcf00000, 0x00000000fcf00000, 0x00000000fd000000|  0%| F|  |TAMS 0x00000000fcf00000, 0x00000000fcf00000| Untracked 
|  16|0x00000000fd000000, 0x00000000fd000000, 0x00000000fd100000|  0%| F|  |TAMS 0x00000000fd000000, 0x00000000fd000000| Untracked 
|  17|0x00000000fd100000, 0x00000000fd100000, 0x00000000fd200000|  0%| F|  |TAMS 0x00000000fd100000, 0x00000000fd100000| Untracked 
|  18|0x00000000fd200000, 0x00000000fd200000, 0x00000000fd300000|  0%| F|  |TAMS 0x00000000fd200000, 0x00000000fd200000| Untracked 
|  19|0x00000000fd300000, 0x00000000fd300000, 0x00000000fd400000|  0%| F|  |TAMS 0x00000000fd300000, 0x00000000fd300000| Untracked 
|  20|0x00000000fd400000, 0x00000000fd400000, 0x00000000fd500000|  0%| F|  |TAMS 0x00000000fd400000, 0x00000000fd400000| Untracked 
|  21|0x00000000fd500000, 0x00000000fd500000, 0x00000000fd600000|  0%| F|  |TAMS 0x00000000fd500000, 0x00000000fd500000| Untracked 
|  22|0x00000000fd600000, 0x00000000fd600000, 0x00000000fd700000|  0%| F|  |TAMS 0x00000000fd600000, 0x00000000fd600000| Untracked 
|  23|0x00000000fd700000, 0x00000000fd700000, 0x00000000fd800000|  0%| F|  |TAMS 0x00000000fd700000, 0x00000000fd700000| Untracked 
|  24|0x00000000fd800000, 0x00000000fd800000, 0x00000000fd900000|  0%| F|  |TAMS 0x00000000fd800000, 0x00000000fd800000| Untracked 
|  25|0x00000000fd900000, 0x00000000fd900000, 0x00000000fda00000|  0%| F|  |TAMS 0x00000000fd900000, 0x00000000fd900000| Untracked 
|  26|0x00000000fda00000, 0x00000000fda00000, 0x00000000fdb00000|  0%| F|  |TAMS 0x00000000fda00000, 0x00000000fda00000| Untracked 
|  27|0x00000000fdb00000, 0x00000000fdb00000, 0x00000000fdc00000|  0%| F|  |TAMS 0x00000000fdb00000, 0x00000000fdb00000| Untracked 
|  28|0x00000000fdc00000, 0x00000000fdc00000, 0x00000000fdd00000|  0%| F|  |TAMS 0x00000000fdc00000, 0x00000000fdc00000| Untracked 
|  29|0x00000000fdd00000, 0x00000000fdd00000, 0x00000000fde00000|  0%| F|  |TAMS 0x00000000fdd00000, 0x00000000fdd00000| Untracked 
|  30|0x00000000fde00000, 0x00000000fde00000, 0x00000000fdf00000|  0%| F|  |TAMS 0x00000000fde00000, 0x00000000fde00000| Untracked 
|  31|0x00000000fdf00000, 0x00000000fdf00000, 0x00000000fe000000|  0%| F|  |TAMS 0x00000000fdf00000, 0x00000000fdf00000| Untracked 
|  32|0x00000000fe000000, 0x00000000fe000000, 0x00000000fe100000|  0%| F|  |TAMS 0x00000000fe000000, 0x00000000fe000000| Untracked 
|  33|0x00000000fe100000, 0x00000000fe100000, 0x00000000fe200000|  0%| F|  |TAMS 0x00000000fe100000, 0x00000000fe100000| Untracked 
|  34|0x00000000fe200000, 0x00000000fe200000, 0x00000000fe300000|  0%| F|  |TAMS 0x00000000fe200000, 0x00000000fe200000| Untracked 
|  35|0x00000000fe300000, 0x00000000fe300000, 0x00000000fe400000|  0%| F|  |TAMS 0x00000000fe300000, 0x00000000fe300000| Untracked 
|  36|0x00000000fe400000, 0x00000000fe400000, 0x00000000fe500000|  0%| F|  |TAMS 0x00000000fe400000, 0x00000000fe400000| Untracked 
|  37|0x00000000fe500000, 0x00000000fe500000, 0x00000000fe600000|  0%| F|  |TAMS 0x00000000fe500000, 0x00000000fe500000| Untracked 
|  38|0x00000000fe600000, 0x00000000fe600000, 0x00000000fe700000|  0%| F|  |TAMS 0x00000000fe600000, 0x00000000fe600000| Untracked 
|  39|0x00000000fe700000, 0x00000000fe700000, 0x00000000fe800000|  0%| F|  |TAMS 0x00000000fe700000, 0x00000000fe700000| Untracked 
|  40|0x00000000fe800000, 0x00000000fe800000, 0x00000000fe900000|  0%| F|  |TAMS 0x00000000fe800000, 0x00000000fe800000| Untracked 
|  41|0x00000000fe900000, 0x00000000fe900000, 0x00000000fea00000|  0%| F|  |TAMS 0x00000000fe900000, 0x00000000fe900000| Untracked 
|  42|0x00000000fea00000, 0x00000000fea00000, 0x00000000feb00000|  0%| F|  |TAMS 0x00000000fea00000, 0x00000000fea00000| Untracked 
|  43|0x00000000feb00000, 0x00000000feb00000, 0x00000000fec00000|  0%| F|  |TAMS 0x00000000feb00000, 0x00000000feb00000| Untracked 
|  44|0x00000000fec00000, 0x00000000fec00000, 0x00000000fed00000|  0%| F|  |TAMS 0x00000000fec00000, 0x00000000fec00000| Untracked 
|  45|0x00000000fed00000, 0x00000000fed00000, 0x00000000fee00000|  0%| F|  |TAMS 0x00000000fed00000, 0x00000000fed00000| Untracked 
|  46|0x00000000fee00000, 0x00000000fee00000, 0x00000000fef00000|  0%| F|  |TAMS 0x00000000fee00000, 0x00000000fee00000| Untracked 
|  47|0x00000000fef00000, 0x00000000fef00000, 0x00000000ff000000|  0%| F|  |TAMS 0x00000000fef00000, 0x00000000fef00000| Untracked 
|  48|0x00000000ff000000, 0x00000000ff000000, 0x00000000ff100000|  0%| F|  |TAMS 0x00000000ff000000, 0x00000000ff000000| Untracked 
|  49|0x00000000ff100000, 0x00000000ff100000, 0x00000000ff200000|  0%| F|  |TAMS 0x00000000ff100000, 0x00000000ff100000| Untracked 
|  50|0x00000000ff200000, 0x00000000ff200000, 0x00000000ff300000|  0%| F|  |TAMS 0x00000000ff200000, 0x00000000ff200000| Untracked 
|  51|0x00000000ff300000, 0x00000000ff300000, 0x00000000ff400000|  0%| F|  |TAMS 0x00000000ff300000, 0x00000000ff300000| Untracked 
|  52|0x00000000ff400000, 0x00000000ff400000, 0x00000000ff500000|  0%| F|  |TAMS 0x00000000ff400000, 0x00000000ff400000| Untracked 
|  53|0x00000000ff500000, 0x00000000ff500000, 0x00000000ff600000|  0%| F|  |TAMS 0x00000000ff500000, 0x00000000ff500000| Untracked 
|  54|0x00000000ff600000, 0x00000000ff600000, 0x00000000ff700000|  0%| F|  |TAMS 0x00000000ff600000, 0x00000000ff600000| Untracked 
|  55|0x00000000ff700000, 0x00000000ff700000, 0x00000000ff800000|  0%| F|  |TAMS 0x00000000ff700000, 0x00000000ff700000| Untracked 
|  56|0x00000000ff800000, 0x00000000ff800000, 0x00000000ff900000|  0%| F|  |TAMS 0x00000000ff800000, 0x00000000ff800000| Untracked 
|  57|0x00000000ff900000, 0x00000000ff900000, 0x00000000ffa00000|  0%| F|  |TAMS 0x00000000ff900000, 0x00000000ff900000| Untracked 
|  58|0x00000000ffa00000, 0x00000000ffa00000, 0x00000000ffb00000|  0%| F|  |TAMS 0x00000000ffa00000, 0x00000000ffa00000| Untracked 
|  59|0x00000000ffb00000, 0x00000000ffb00000, 0x00000000ffc00000|  0%| F|  |TAMS 0x00000000ffb00000, 0x00000000ffb00000| Untracked 
|  60|0x00000000ffc00000, 0x00000000ffc00000, 0x00000000ffd00000|  0%| F|  |TAMS 0x00000000ffc00000, 0x00000000ffc00000| Untracked 
|  61|0x00000000ffd00000, 0x00000000ffd9eca0, 0x00000000ffe00000| 62%| S|CS|TAMS 0x00000000ffd00000, 0x00000000ffd00000| Complete 
|  62|0x00000000ffe00000, 0x00000000ffed0558, 0x00000000fff00000| 81%| E|  |TAMS 0x00000000ffe00000, 0x00000000ffe00000| Complete 
|  63|0x00000000fff00000, 0x0000000100000000, 0x0000000100000000|100%| E|CS|TAMS 0x00000000fff00000, 0x00000000fff00000| Complete 

Card table byte_map: [0x0000021b8e6f0000,0x0000021b8e710000] _byte_map_base: 0x0000021b8df10000

Marking Bits (Prev, Next): (CMBitMap*) 0x0000021b8e7e3898, (CMBitMap*) 0x0000021b8e7e38d0
 Prev Bits: [0x0000021ba51d0000, 0x0000021ba52d0000)
 Next Bits: [0x0000021ba52d0000, 0x0000021ba53d0000)

Polling page: 0x0000021b8c7c0000

Metaspace:

Usage:
  Non-class:     12.23 MB capacity,    12.06 MB ( 99%) used,   150.17 KB (  1%) free+waste,    19.25 KB ( <1%) overhead. 
      Class:      1.67 MB capacity,     1.57 MB ( 94%) used,    88.98 KB (  5%) free+waste,     9.88 KB ( <1%) overhead. 
       Both:     13.89 MB capacity,    13.63 MB ( 98%) used,   239.15 KB (  2%) free+waste,    29.13 KB ( <1%) overhead. 

Virtual space:
  Non-class space:       14.00 MB reserved,      12.25 MB ( 88%) committed 
      Class space:        1.00 GB reserved,       1.75 MB ( <1%) committed 
             Both:        1.01 GB reserved,      14.00 MB (  1%) committed 

Chunk freelists:
   Non-Class:  2.88 KB
       Class:  2.75 KB
        Both:  5.63 KB

CodeHeap 'non-profiled nmethods': size=120000Kb used=464Kb max_used=464Kb free=119535Kb
 bounds [0x0000021b9d960000, 0x0000021b9dbd0000, 0x0000021ba4e90000]
CodeHeap 'profiled nmethods': size=120000Kb used=2179Kb max_used=2179Kb free=117820Kb
 bounds [0x0000021b96430000, 0x0000021b966a0000, 0x0000021b9d960000]
CodeHeap 'non-nmethods': size=5760Kb used=1087Kb max_used=1100Kb free=4672Kb
 bounds [0x0000021b95e90000, 0x0000021b96100000, 0x0000021b96430000]
 total_blobs=1574 nmethods=1175 adapters=311
 compilation: enabled
              stopped_count=0, restarted_count=0
 full_count=0

Compilation events (10 events):
Event: 63.924 Thread 0x0000021ba85d8800 nmethod 1168 0x0000021b9664fe90 code [0x0000021b96650020, 0x0000021b96650138]
Event: 63.924 Thread 0x0000021ba85d8800 1167       1       java.nio.charset.Charset::name (5 bytes)
Event: 63.924 Thread 0x0000021ba85d5800 1169       4       java.lang.ThreadLocal::getMap (5 bytes)
Event: 63.924 Thread 0x0000021ba85d8800 nmethod 1167 0x0000021b9d9d3210 code [0x0000021b9d9d33a0, 0x0000021b9d9d3458]
Event: 63.924 Thread 0x0000021ba85d5800 nmethod 1169 0x0000021b9d9d3510 code [0x0000021b9d9d3680, 0x0000021b9d9d36f8]
Event: 64.183 Thread 0x0000021ba85d8800 1170       3       java.util.concurrent.TimeUnit::toNanos (45 bytes)
Event: 64.183 Thread 0x0000021ba85d8800 nmethod 1170 0x0000021b96650210 code [0x0000021b966503a0, 0x0000021b966505b8]
Event: 65.572 Thread 0x0000021ba85d8800 1172       3       java.util.concurrent.locks.ReentrantLock::lock (9 bytes)
Event: 65.573 Thread 0x0000021ba85d8800 nmethod 1172 0x0000021b96650690 code [0x0000021b96650880, 0x0000021b96650cb8]
Event: 65.633 Thread 0x0000021ba85d8800 1173       3       sun.nio.fs.WindowsPathParser::parse (384 bytes)

GC Heap History (10 events):
Event: 43.313 GC heap before
{Heap before GC invocations=3 (full 0):
 garbage-first heap   total 65536K, used 13079K [0x00000000fc000000, 0x0000000100000000)
  region size 1024K, 3 young (3072K), 1 survivors (1024K)
 Metaspace       used 11436K, capacity 11691K, committed 11904K, reserved 1060864K
  class space    used 1244K, capacity 1346K, committed 1408K, reserved 1048576K
}
Event: 43.316 GC heap after
{Heap after GC invocations=4 (full 0):
 garbage-first heap   total 65536K, used 11150K [0x00000000fc000000, 0x0000000100000000)
  region size 1024K, 1 young (1024K), 1 survivors (1024K)
 Metaspace       used 11436K, capacity 11691K, committed 11904K, reserved 1060864K
  class space    used 1244K, capacity 1346K, committed 1408K, reserved 1048576K
}
Event: 44.830 GC heap before
{Heap before GC invocations=4 (full 0):
 garbage-first heap   total 65536K, used 13198K [0x00000000fc000000, 0x0000000100000000)
  region size 1024K, 3 young (3072K), 1 survivors (1024K)
 Metaspace       used 11790K, capacity 12052K, committed 12160K, reserved 1060864K
  class space    used 1299K, capacity 1381K, committed 1408K, reserved 1048576K
}
Event: 44.832 GC heap after
{Heap after GC invocations=5 (full 0):
 garbage-first heap   total 65536K, used 11261K [0x00000000fc000000, 0x0000000100000000)
  region size 1024K, 1 young (1024K), 1 survivors (1024K)
 Metaspace       used 11790K, capacity 12052K, committed 12160K, reserved 1060864K
  class space    used 1299K, capacity 1381K, committed 1408K, reserved 1048576K
}
Event: 47.214 GC heap before
{Heap before GC invocations=5 (full 0):
 garbage-first heap   total 65536K, used 13309K [0x00000000fc000000, 0x0000000100000000)
  region size 1024K, 3 young (3072K), 1 survivors (1024K)
 Metaspace       used 12458K, capacity 12683K, committed 12800K, reserved 1060864K
  class space    used 1387K, capacity 1487K, committed 1536K, reserved 1048576K
}
Event: 47.216 GC heap after
{Heap after GC invocations=6 (full 0):
 garbage-first heap   total 65536K, used 11352K [0x00000000fc000000, 0x0000000100000000)
  region size 1024K, 1 young (1024K), 1 survivors (1024K)
 Metaspace       used 12458K, capacity 12683K, committed 12800K, reserved 1060864K
  class space    used 1387K, capacity 1487K, committed 1536K, reserved 1048576K
}
Event: 50.069 GC heap before
{Heap before GC invocations=6 (full 0):
 garbage-first heap   total 65536K, used 12376K [0x00000000fc000000, 0x0000000100000000)
  region size 1024K, 3 young (3072K), 1 survivors (1024K)
 Metaspace       used 12928K, capacity 13217K, committed 13440K, reserved 1060864K
  class space    used 1465K, capacity 1602K, committed 1664K, reserved 1048576K
}
Event: 50.071 GC heap after
{Heap after GC invocations=7 (full 0):
 garbage-first heap   total 65536K, used 11470K [0x00000000fc000000, 0x0000000100000000)
  region size 1024K, 1 young (1024K), 1 survivors (1024K)
 Metaspace       used 12928K, capacity 13217K, committed 13440K, reserved 1060864K
  class space    used 1465K, capacity 1602K, committed 1664K, reserved 1048576K
}
Event: 51.576 GC heap before
{Heap before GC invocations=7 (full 0):
 garbage-first heap   total 65536K, used 13518K [0x00000000fc000000, 0x0000000100000000)
  region size 1024K, 3 young (3072K), 1 survivors (1024K)
 Metaspace       used 13432K, capacity 13697K, committed 13952K, reserved 1060864K
  class space    used 1533K, capacity 1634K, committed 1664K, reserved 1048576K
}
Event: 51.577 GC heap after
{Heap after GC invocations=8 (full 0):
 garbage-first heap   total 65536K, used 11559K [0x00000000fc000000, 0x0000000100000000)
  region size 1024K, 1 young (1024K), 1 survivors (1024K)
 Metaspace       used 13432K, capacity 13697K, committed 13952K, reserved 1060864K
  class space    used 1533K, capacity 1634K, committed 1664K, reserved 1048576K
}

Deoptimization events (10 events):
Event: 12.396 Thread 0x0000021b8e7c7000 Uncommon trap: reason=bimorphic_or_optimized_type_check action=maybe_recompile pc=0x0000021b9d9922e8 method=java.util.HashMap.putVal(ILjava/lang/Object;Ljava/lang/Object;ZZ)Ljava/lang/Object; @ 91 c2
Event: 27.896 Thread 0x0000021b8e7c7000 Uncommon trap: reason=unstable_if action=reinterpret pc=0x0000021b9d97b904 method=java.util.regex.Matcher.reset()Ljava/util/regex/Matcher; @ 47 c2
Event: 27.896 Thread 0x0000021b8e7c7000 Uncommon trap: reason=class_check action=maybe_recompile pc=0x0000021b9d97bffc method=java.util.regex.Matcher.match(II)Z @ 121 c2
Event: 27.896 Thread 0x0000021b8e7c7000 Uncommon trap: reason=class_check action=maybe_recompile pc=0x0000021b9d97bffc method=java.util.regex.Matcher.match(II)Z @ 121 c2
Event: 27.897 Thread 0x0000021b8e7c7000 Uncommon trap: reason=class_check action=maybe_recompile pc=0x0000021b9d97bffc method=java.util.regex.Matcher.match(II)Z @ 121 c2
Event: 27.897 Thread 0x0000021b8e7c7000 Uncommon trap: reason=class_check action=maybe_recompile pc=0x0000021b9d97bffc method=java.util.regex.Matcher.match(II)Z @ 121 c2
Event: 27.902 Thread 0x0000021b8e7c7000 Uncommon trap: reason=unstable_if action=reinterpret pc=0x0000021b9d96c354 method=java.util.regex.Pattern.has(I)Z @ 6 c2
Event: 27.905 Thread 0x0000021b8e7c7000 Uncommon trap: reason=unstable_if action=reinterpret pc=0x0000021b9d99fa30 method=java.util.HashMap.hash(Ljava/lang/Object;)I @ 1 c2
Event: 51.583 Thread 0x0000021b8e7c7000 Uncommon trap: reason=unstable_if action=reinterpret pc=0x0000021b9d9c13c0 method=java.util.HashMap.getNode(ILjava/lang/Object;)Ljava/util/HashMap$Node; @ 129 c2
Event: 65.590 Thread 0x0000021b8e7c7000 Uncommon trap: reason=unstable_if action=reinterpret pc=0x0000021b9d9ad7b0 method=java.io.WinNTFileSystem.normalize(Ljava/lang/String;)Ljava/lang/String; @ 128 c2

Classes redefined (0 events):
No events

Internal exceptions (10 events):
Event: 0.914 Thread 0x0000021b8e7c7000 Exception <a 'java/lang/NoSuchMethodError'{0x00000000ffc60a30}: java.lang.invoke.DirectMethodHandle$Holder.invokeStaticInit(Ljava/lang/Object;Ljava/lang/Object;)I> (0x00000000ffc60a30) thrown at [./open/src/hotspot/share/interpreter/linkResolver.cpp, line
Event: 1.419 Thread 0x0000021b8e7c7000 Exception <a 'java/lang/NoSuchMethodError'{0x00000000ffb35400}: java.lang.invoke.DirectMethodHandle$Holder.invokeSpecial(Ljava/lang/Object;Ljava/lang/Object;Ljava/lang/Object;Ljava/lang/Object;)I> (0x00000000ffb35400) thrown at [./open/src/hotspot/share/i
Event: 1.439 Thread 0x0000021b8e7c7000 Exception <a 'java/lang/NoSuchMethodError'{0x00000000ffb6d7c0}: java.lang.invoke.DirectMethodHandle$Holder.invokeSpecialIFC(Ljava/lang/Object;Ljava/lang/Object;I)I> (0x00000000ffb6d7c0) thrown at [./open/src/hotspot/share/interpreter/linkResolver.cpp, lin
Event: 27.905 Thread 0x0000021b8e7c7000 Implicit null exception at 0x0000021b9d99f855 to 0x0000021b9d99fa20
Event: 31.481 Thread 0x0000021b8e7c7000 Exception <a 'java/lang/NoClassDefFoundError'{0x00000000fe84a568}: org/slf4j/impl/StaticMarkerBinder> (0x00000000fe84a568) thrown at [./open/src/hotspot/share/classfile/systemDictionary.cpp, line 215]
Event: 36.642 Thread 0x0000021b8e7c7000 Exception <a 'java/lang/NoSuchMethodError'{0x00000000fff494a8}: java.lang.invoke.DirectMethodHandle$Holder.invokeVirtual(Ljava/lang/Object;Ljava/lang/Object;Ljava/lang/Object;Ljava/lang/Object;Ljava/lang/Object;Ljava/lang/Object;Ljava/lang/Object;)Ljava/l
Event: 36.654 Thread 0x0000021b8e7c7000 Exception <a 'java/lang/NoSuchMethodError'{0x00000000fff5d940}: java.lang.invoke.Invokers$Holder.invoker(Ljava/lang/Object;Ljava/lang/Object;Ljava/lang/Object;)Ljava/lang/Object;> (0x00000000fff5d940) thrown at [./open/src/hotspot/share/interpreter/linkRe
Event: 36.678 Thread 0x0000021b8e7c7000 Exception <a 'java/lang/NoSuchMethodError'{0x00000000fff6ec30}: java.lang.invoke.DelegatingMethodHandle$Holder.delegate(Ljava/lang/Object;Ljava/lang/Object;ILjava/lang/Object;)V> (0x00000000fff6ec30) thrown at [./open/src/hotspot/share/interpreter/linkRes
Event: 47.217 Thread 0x0000021b8e7c7000 Exception <a 'java/lang/NoSuchMethodError'{0x00000000fff02760}: java.lang.invoke.DirectMethodHandle$Holder.invokeStaticInit(Ljava/lang/Object;Ljava/lang/Object;Ljava/lang/Object;)Ljava/lang/Object;> (0x00000000fff02760) thrown at [./open/src/hotspot/share
Event: 55.998 Thread 0x0000021b8e7c7000 Exception <a 'java/lang/NoSuchMethodError'{0x00000000ffe132f0}: java.lang.invoke.DirectMethodHandle$Holder.invokeStaticInit(Ljava/lang/Object;IIII)Ljava/lang/Object;> (0x00000000ffe132f0) thrown at [./open/src/hotspot/share/interpreter/linkResolver.cpp, l

Events (10 events):
Event: 65.590 loading class java/nio/file/DirectoryStream done
Event: 65.590 loading class sun/nio/fs/WindowsDirectoryStream done
Event: 65.611 loading class sun/nio/fs/WindowsDirectoryStream$WindowsDirectoryIterator
Event: 65.611 loading class sun/nio/fs/WindowsDirectoryStream$WindowsDirectoryIterator done
Event: 65.612 loading class sun/nio/fs/WindowsPath$WindowsPathWithAttributes
Event: 65.627 loading class sun/nio/fs/BasicFileAttributesHolder
Event: 65.632 loading class sun/nio/fs/BasicFileAttributesHolder done
Event: 65.632 loading class sun/nio/fs/WindowsPath$WindowsPathWithAttributes done
Event: 65.632 Executing VM operation: Deoptimize
Event: 65.633 Executing VM operation: Deoptimize done


Dynamic libraries:
0x00007ff769060000 - 0x00007ff76906f000 	C:\Program Files\Java\jdk-11.0.17\bin\java.exe
0x00007ff983cf0000 - 0x00007ff983f04000 	C:\WINDOWS\SYSTEM32\ntdll.dll
0x00007ff983b30000 - 0x00007ff983bf2000 	C:\WINDOWS\System32\KERNEL32.DLL
0x00007ff981720000 - 0x00007ff981ac3000 	C:\WINDOWS\System32\KERNELBASE.dll
0x00007ff981600000 - 0x00007ff981711000 	C:\WINDOWS\System32\ucrtbase.dll
0x00007ff94a880000 - 0x00007ff94a898000 	C:\Program Files\Java\jdk-11.0.17\bin\jli.dll
0x00007ff94a8c0000 - 0x00007ff94a8d5000 	C:\Program Files\Java\jdk-11.0.17\bin\VCRUNTIME140.dll
0x00007ff982060000 - 0x00007ff98210e000 	C:\WINDOWS\System32\ADVAPI32.dll
0x00007ff983330000 - 0x00007ff9833d7000 	C:\WINDOWS\System32\msvcrt.dll
0x00007ff981fb0000 - 0x00007ff982054000 	C:\WINDOWS\System32\sechost.dll
0x00007ff982450000 - 0x00007ff982567000 	C:\WINDOWS\System32\RPCRT4.dll
0x00007ff9833f0000 - 0x00007ff98359a000 	C:\WINDOWS\System32\USER32.dll
0x00007ff9815d0000 - 0x00007ff9815f6000 	C:\WINDOWS\System32\win32u.dll
0x00007ff983760000 - 0x00007ff983789000 	C:\WINDOWS\System32\GDI32.dll
0x00007ff9810f0000 - 0x00007ff981209000 	C:\WINDOWS\System32\gdi32full.dll
0x00007ff981290000 - 0x00007ff98132a000 	C:\WINDOWS\System32\msvcp_win.dll
0x00007ff96b8e0000 - 0x00007ff96bb6e000 	C:\WINDOWS\WinSxS\amd64_microsoft.windows.common-controls_6595b64144ccf1df_6.0.22621.1635_none_270f70857386168e\COMCTL32.dll
0x00007ff975730000 - 0x00007ff97573a000 	C:\WINDOWS\SYSTEM32\VERSION.dll
0x00007ff981ad0000 - 0x00007ff981b01000 	C:\WINDOWS\System32\IMM32.DLL
0x00007ff8fc3c0000 - 0x00007ff8fc45b000 	C:\Program Files\Java\jdk-11.0.17\bin\msvcp140.dll
0x00007ff8dd870000 - 0x00007ff8de38a000 	C:\Program Files\Java\jdk-11.0.17\bin\server\jvm.dll
0x00007ff9833e0000 - 0x00007ff9833e8000 	C:\WINDOWS\System32\PSAPI.DLL
0x00007ff966b40000 - 0x00007ff966b49000 	C:\WINDOWS\SYSTEM32\WSOCK32.dll
0x00007ff96e8e0000 - 0x00007ff96e914000 	C:\WINDOWS\SYSTEM32\WINMM.dll
0x00007ff982210000 - 0x00007ff982281000 	C:\WINDOWS\System32\WS2_32.dll
0x00007ff980130000 - 0x00007ff980148000 	C:\WINDOWS\SYSTEM32\kernel.appcore.dll
0x00007ff95a440000 - 0x00007ff95a450000 	C:\Program Files\Java\jdk-11.0.17\bin\verify.dll
0x00007ff97b5b0000 - 0x00007ff97b7de000 	C:\WINDOWS\SYSTEM32\DBGHELP.DLL
0x00007ff983790000 - 0x00007ff983b19000 	C:\WINDOWS\System32\combase.dll
0x00007ff982720000 - 0x00007ff9827f7000 	C:\WINDOWS\System32\OLEAUT32.dll
0x00007ff96bbc0000 - 0x00007ff96bbf2000 	C:\WINDOWS\SYSTEM32\dbgcore.DLL
0x00007ff981210000 - 0x00007ff98128a000 	C:\WINDOWS\System32\bcryptPrimitives.dll
0x00007ff937b20000 - 0x00007ff937b48000 	C:\Program Files\Java\jdk-11.0.17\bin\java.dll
0x00007ff95a000000 - 0x00007ff95a00a000 	C:\Program Files\Java\jdk-11.0.17\bin\jimage.dll
0x00007ff91aed0000 - 0x00007ff91aee6000 	C:\Program Files\Java\jdk-11.0.17\bin\zip.dll
0x00007ff9829a0000 - 0x00007ff983199000 	C:\WINDOWS\System32\SHELL32.dll
0x00007ff97f0e0000 - 0x00007ff97f9ae000 	C:\WINDOWS\SYSTEM32\windows.storage.dll
0x00007ff97efa0000 - 0x00007ff97f0de000 	C:\WINDOWS\SYSTEM32\wintypes.dll
0x00007ff982110000 - 0x00007ff982201000 	C:\WINDOWS\System32\SHCORE.dll
0x00007ff983c50000 - 0x00007ff983cae000 	C:\WINDOWS\System32\shlwapi.dll
0x00007ff981020000 - 0x00007ff981046000 	C:\WINDOWS\SYSTEM32\profapi.dll
0x00007ff91a880000 - 0x00007ff91a899000 	C:\Program Files\Java\jdk-11.0.17\bin\net.dll
0x00007ff978740000 - 0x00007ff978877000 	C:\WINDOWS\SYSTEM32\WINHTTP.dll
0x00007ff980620000 - 0x00007ff980689000 	C:\WINDOWS\system32\mswsock.dll
0x00007ff8fddb0000 - 0x00007ff8fddc2000 	C:\Program Files\Java\jdk-11.0.17\bin\nio.dll
0x00007ff8f8140000 - 0x00007ff8f8167000 	C:\Users\ektas\.gradle\native\68d5fa5c4cc2d200863cafc0d521ce42e7d3e7ee720ec0a83991735586a16f82\windows-amd64\native-platform.dll
0x00007ff94d690000 - 0x00007ff94d699000 	C:\Program Files\Java\jdk-11.0.17\bin\management.dll
0x00007ff94cf80000 - 0x00007ff94cf8b000 	C:\Program Files\Java\jdk-11.0.17\bin\management_ext.dll
0x00007ff980890000 - 0x00007ff9808ab000 	C:\WINDOWS\SYSTEM32\CRYPTSP.dll
0x00007ff9800a0000 - 0x00007ff9800d5000 	C:\WINDOWS\system32\rsaenh.dll
0x00007ff980720000 - 0x00007ff98074c000 	C:\WINDOWS\SYSTEM32\USERENV.dll
0x00007ff980aa0000 - 0x00007ff980ac8000 	C:\WINDOWS\SYSTEM32\bcrypt.dll
0x00007ff980880000 - 0x00007ff98088c000 	C:\WINDOWS\SYSTEM32\CRYPTBASE.dll
0x00007ff97fc50000 - 0x00007ff97fc7d000 	C:\WINDOWS\SYSTEM32\IPHLPAPI.DLL
0x00007ff9831a0000 - 0x00007ff9831a9000 	C:\WINDOWS\System32\NSI.dll
0x00007ff9778d0000 - 0x00007ff9778e9000 	C:\WINDOWS\SYSTEM32\dhcpcsvc6.DLL
0x00007ff977860000 - 0x00007ff97787f000 	C:\WINDOWS\SYSTEM32\dhcpcsvc.DLL
0x00007ff97fcd0000 - 0x00007ff97fdc3000 	C:\WINDOWS\SYSTEM32\DNSAPI.dll

dbghelp: loaded successfully - version: 4.0.5 - missing functions: none
symbol engine: initialized successfully - sym options: 0x614 - pdb path: .;C:\Program Files\Java\jdk-11.0.17\bin;C:\WINDOWS\SYSTEM32;C:\WINDOWS\WinSxS\amd64_microsoft.windows.common-controls_6595b64144ccf1df_6.0.22621.1635_none_270f70857386168e;C:\Program Files\Java\jdk-11.0.17\bin\server;C:\Users\ektas\.gradle\native\68d5fa5c4cc2d200863cafc0d521ce42e7d3e7ee720ec0a83991735586a16f82\windows-amd64

VM Arguments:
jvm_args: -Xmx64m -Xms64m -Dorg.gradle.appname=gradlew 
java_command: org.gradle.wrapper.GradleWrapperMain tasks
java_class_path (initial): C:\Chirag\projects\react_native\TempleGuideApp\android\\gradle\wrapper\gradle-wrapper.jar
Launcher Type: SUN_STANDARD

[Global flags]
     intx CICompilerCount                          = 4                                         {product} {ergonomic}
     uint ConcGCThreads                            = 2                                         {product} {ergonomic}
     uint G1ConcRefinementThreads                  = 8                                         {product} {ergonomic}
   size_t G1HeapRegionSize                         = 1048576                                   {product} {ergonomic}
    uintx GCDrainStackTargetSize                   = 64                                        {product} {ergonomic}
   size_t InitialHeapSize                          = 67108864                                  {product} {command line}
   size_t MarkStackSize                            = 4194304                                   {product} {ergonomic}
   size_t MaxHeapSize                              = 67108864                                  {product} {command line}
   size_t MaxNewSize                               = 39845888                                  {product} {ergonomic}
   size_t MinHeapDeltaBytes                        = 1048576                                   {product} {ergonomic}
    uintx NonNMethodCodeHeapSize                   = 5836300                                {pd product} {ergonomic}
    uintx NonProfiledCodeHeapSize                  = 122910970                              {pd product} {ergonomic}
    uintx ProfiledCodeHeapSize                     = 122910970                              {pd product} {ergonomic}
    uintx ReservedCodeCacheSize                    = 251658240                              {pd product} {ergonomic}
     bool SegmentedCodeCache                       = true                                      {product} {ergonomic}
     bool UseCompressedClassPointers               = true                                 {lp64_product} {ergonomic}
     bool UseCompressedOops                        = true                                 {lp64_product} {ergonomic}
     bool UseG1GC                                  = true                                      {product} {ergonomic}
     bool UseLargePagesIndividualAllocation        = false                                  {pd product} {ergonomic}

Logging:
Log output configuration:
 #0: stdout all=warning uptime,level,tags
 #1: stderr all=off uptime,level,tags

Environment Variables:
JAVA_HOME=C:\Program Files\Java\jdk-11.0.17
CLASSPATH=C:\Chirag\projects\react_native\TempleGuideApp\android\\gradle\wrapper\gradle-wrapper.jar
PATH=C:\Chirag\projects\react_native\TempleGuideApp\node_modules\.bin;C:\Chirag\projects\react_native\TempleGuideApp\node_modules\.bin;C:\Chirag\projects\react_native\node_modules\.bin;C:\Chirag\projects\node_modules\.bin;C:\Chirag\node_modules\.bin;C:\node_modules\.bin;C:\Users\ektas\AppData\Roaming\nvm\v18.15.0\node_modules\npm\node_modules\@npmcli\run-script\lib\node-gyp-bin;C:\Chirag\projects\react_native\TempleGuideApp\node_modules\.bin;C:\Chirag\projects\react_native\TempleGuideApp\node_modules\.bin;C:\Chirag\projects\react_native\node_modules\.bin;C:\Chirag\projects\node_modules\.bin;C:\Chirag\node_modules\.bin;C:\node_modules\.bin;C:\Users\ektas\AppData\Roaming\nvm\v18.15.0\node_modules\npm\node_modules\@npmcli\run-script\lib\node-gyp-bin;C:\Program Files\Common Files\Oracle\Java\javapath;C:\WINDOWS\system32;C:\WINDOWS;C:\WINDOWS\System32\Wbem;C:\WINDOWS\System32\WindowsPowerShell\v1.0\;C:\WINDOWS\System32\OpenSSH\;C:\Python27\Scripts;C:\Python27;C:\Program Files\Git\cmd;C:\Users\ektas\AppData\Roaming\nvm;C:\Program Files\nodejs;C:\Users\ektas\AppData\Local\Android\Sdk\platform-tools;C:\Program Files\Java\jdk-11.0.17\bin;C:\Program Files\Microsoft SQL Server\150\Tools\Binn\;C:\wamp64\bin\php\php7.4.33;C:\ProgramData\ComposerSetup\bin;C:\Users\ektas\AppData\Local\Android\Sdk\tools;C:\Users\ektas\AppData\Local\Android\Sdk\tools;C:\Users\ektas\AppData\Local\Microsoft\WindowsApps;C:\Users\ektas\AppData\Local\Programs\Microsoft VS Code\bin;C:\Python27;C:\Python27\Scripts;C:\Users\ektas\AppData\Roaming\nvm;C:\Program Files\nodejs;C:\Users\ektas\AppData\Roaming\Composer\vendor\bin
USERNAME=ektas
OS=Windows_NT
PROCESSOR_IDENTIFIER=Intel64 Family 6 Model 142 Stepping 12, GenuineIntel



---------------  S Y S T E M  ---------------

OS: Windows 11 , 64 bit Build 22621 (10.0.22621.1928)

CPU:total 8 (initial active 8) (4 cores per cpu, 2 threads per core) family 6 model 142 stepping 12 microcode 0xde, cmov, cx8, fxsr, mmx, sse, sse2, sse3, ssse3, sse4.1, sse4.2, popcnt, avx, avx2, aes, clmul, erms, 3dnowpref, lzcnt, ht, tsc, tscinvbit, bmi1, bmi2, adx, fma

Memory: 4k page, system-wide physical 8022M (292M free)
TotalPageFile size 32598M (AvailPageFile size 0M)
current process WorkingSet (physical memory assigned to process): 67M, peak: 67M
current process commit charge ("private bytes"): 157M, peak: 159M

vm_info: Java HotSpot(TM) 64-Bit Server VM (11.0.17+10-LTS-269) for windows-amd64 JRE (11.0.17+10-LTS-269), built on Sep 13 2022 19:26:37 by "mach5one" with MS VC++ 15.9 (VS2017)

END.
